<?xml version="1.0" encoding="UTF-8"?>
<!-- Generated by org.testng.reporters.JUnitReportReporter -->
<testsuite hostname="LAPTOP-0Q4RTEV5" failures="0" tests="1" name="com.sampleProject.testcases.LoginTest" time="3.530" errors="0" timestamp="14 Jun 2020 10:35:20 GMT" skipped="0">
  <testcase classname="com.sampleProject.testcases.LoginTest" name="loginAsBankManager" time="3.530"/>
</testsuite> <!-- com.sampleProject.testcases.LoginTest -->
