<?xml version="1.0" encoding="UTF-8"?>
<!-- Generated by org.testng.reporters.JUnitReportReporter -->
<testsuite hostname="LAPTOP-0Q4RTEV5" failures="0" tests="1" name="com.sampleProject.testcases.AddCustomerTest" time="4.522" errors="0" timestamp="18 Jul 2020 15:49:38 GMT" skipped="0">
  <testcase classname="com.sampleProject.testcases.AddCustomerTest" name="AddCustomer" time="4.522"/>
</testsuite> <!-- com.sampleProject.testcases.AddCustomerTest -->
